<?xml version="1.0" encoding="UTF-8"?>
<!-- Generated by org.testng.reporters.JUnitReportReporter -->
<testsuite hostname="DESKTOP-BDO1GJM" failures="0" tests="1" name="scripts.test3" time="0.000" errors="0" timestamp="2022-08-06T21:37:24 IST" skipped="0">
  <testcase classname="scripts.test3" name="tc3" time="0.000"/>
  <system-out>
    <![CDATA[hello jenkins]]>
  </system-out>
</testsuite> <!-- scripts.test3 -->
