<?xml version="1.0" encoding="UTF-8"?>
<!-- Generated by org.testng.reporters.JUnitReportReporter -->
<testsuite hostname="DESKTOP-BDO1GJM" failures="0" tests="1" name="scripts.test2" time="0.001" errors="0" timestamp="2022-08-06T21:37:24 IST" skipped="0">
  <testcase classname="scripts.test2" name="tc2" time="0.001"/>
  <system-out>
    <![CDATA[hello selenium]]>
  </system-out>
</testsuite> <!-- scripts.test2 -->
